0 info it worked if it ends with ok
1 verbose cli [ '/Users/asanokouichi/.nvm/versions/node/v0.12.7/bin/node',
1 verbose cli   '/Users/asanokouichi/.nvm/versions/node/v0.12.7/bin/npm',
1 verbose cli   'install',
1 verbose cli   'babel-object-assign' ]
2 info using npm@2.11.3
3 info using node@v0.12.7
4 verbose install initial load of /Users/asanokouichi/git/ie8-babel/ie8-decorator/package.json
5 warn package.json ie8-decorator@0.1.0 No description
6 warn package.json ie8-decorator@0.1.0 No repository field.
7 warn package.json ie8-decorator@0.1.0 No README data
8 verbose installManyTop reading scoped package data from /Users/asanokouichi/git/ie8-babel/ie8-decorator/node_modules/babel-core/package.json
9 verbose installManyTop reading scoped package data from /Users/asanokouichi/git/ie8-babel/ie8-decorator/node_modules/babel-plugin-object-assign/package.json
10 verbose installManyTop reading scoped package data from /Users/asanokouichi/git/ie8-babel/ie8-decorator/node_modules/babelify/package.json
11 verbose installManyTop reading scoped package data from /Users/asanokouichi/git/ie8-babel/ie8-decorator/node_modules/browserify/package.json
12 verbose readDependencies loading dependencies from /Users/asanokouichi/git/ie8-babel/ie8-decorator/package.json
13 silly cache add args [ 'babel-object-assign', null ]
14 verbose cache add spec babel-object-assign
15 silly cache add parsed spec { raw: 'babel-object-assign',
15 silly cache add   scope: null,
15 silly cache add   name: 'babel-object-assign',
15 silly cache add   rawSpec: '',
15 silly cache add   spec: '*',
15 silly cache add   type: 'range' }
16 silly addNamed babel-object-assign@*
17 verbose addNamed "*" is a valid semver range for babel-object-assign
18 silly addNameRange { name: 'babel-object-assign', range: '*', hasData: false }
19 silly mapToRegistry name babel-object-assign
20 silly mapToRegistry using default registry
21 silly mapToRegistry registry https://registry.npmjs.org/
22 silly mapToRegistry uri https://registry.npmjs.org/babel-object-assign
23 verbose addNameRange registry:https://registry.npmjs.org/babel-object-assign not in flight; fetching
24 verbose request uri https://registry.npmjs.org/babel-object-assign
25 verbose request no auth needed
26 info attempt registry request try #1 at 23:14:43
27 verbose request id d993bb6a6c5b9c91
28 http request GET https://registry.npmjs.org/babel-object-assign
29 http 404 https://registry.npmjs.org/babel-object-assign
30 verbose headers { 'content-type': 'application/json',
30 verbose headers   'cache-control': 'max-age=0',
30 verbose headers   'content-length': '2',
30 verbose headers   'accept-ranges': 'bytes',
30 verbose headers   date: 'Fri, 21 Aug 2015 14:14:44 GMT',
30 verbose headers   via: '1.1 varnish',
30 verbose headers   age: '0',
30 verbose headers   connection: 'keep-alive',
30 verbose headers   'x-served-by': 'cache-nrt6129-NRT',
30 verbose headers   'x-cache': 'MISS',
30 verbose headers   'x-cache-hits': '0',
30 verbose headers   'x-timer': 'S1440166483.460237,VS0,VE708' }
31 silly get cb [ 404,
31 silly get   { 'content-type': 'application/json',
31 silly get     'cache-control': 'max-age=0',
31 silly get     'content-length': '2',
31 silly get     'accept-ranges': 'bytes',
31 silly get     date: 'Fri, 21 Aug 2015 14:14:44 GMT',
31 silly get     via: '1.1 varnish',
31 silly get     age: '0',
31 silly get     connection: 'keep-alive',
31 silly get     'x-served-by': 'cache-nrt6129-NRT',
31 silly get     'x-cache': 'MISS',
31 silly get     'x-cache-hits': '0',
31 silly get     'x-timer': 'S1440166483.460237,VS0,VE708' } ]
32 verbose stack Error: Registry returned 404 for GET on https://registry.npmjs.org/babel-object-assign
32 verbose stack     at CachingRegistryClient.<anonymous> (/Users/asanokouichi/.nvm/versions/node/v0.12.7/lib/node_modules/npm/node_modules/npm-registry-client/lib/request.js:239:14)
32 verbose stack     at Request._callback (/Users/asanokouichi/.nvm/versions/node/v0.12.7/lib/node_modules/npm/node_modules/npm-registry-client/lib/request.js:170:14)
32 verbose stack     at Request.self.callback (/Users/asanokouichi/.nvm/versions/node/v0.12.7/lib/node_modules/npm/node_modules/request/request.js:354:22)
32 verbose stack     at Request.emit (events.js:110:17)
32 verbose stack     at Request.<anonymous> (/Users/asanokouichi/.nvm/versions/node/v0.12.7/lib/node_modules/npm/node_modules/request/request.js:1207:14)
32 verbose stack     at Request.emit (events.js:129:20)
32 verbose stack     at IncomingMessage.<anonymous> (/Users/asanokouichi/.nvm/versions/node/v0.12.7/lib/node_modules/npm/node_modules/request/request.js:1153:12)
32 verbose stack     at IncomingMessage.emit (events.js:129:20)
32 verbose stack     at _stream_readable.js:908:16
32 verbose stack     at process._tickCallback (node.js:355:11)
33 verbose statusCode 404
34 verbose pkgid babel-object-assign
35 verbose cwd /Users/asanokouichi/git/ie8-babel/ie8-decorator
36 error Darwin 14.4.0
37 error argv "/Users/asanokouichi/.nvm/versions/node/v0.12.7/bin/node" "/Users/asanokouichi/.nvm/versions/node/v0.12.7/bin/npm" "install" "babel-object-assign"
38 error node v0.12.7
39 error npm  v2.11.3
40 error code E404
41 error 404 Registry returned 404 for GET on https://registry.npmjs.org/babel-object-assign
41 error 404
41 error 404 'babel-object-assign' is not in the npm registry.
41 error 404 You should bug the author to publish it (or use the name yourself!)
41 error 404 It was specified as a dependency of 'ie8-decorator'
41 error 404
41 error 404 Note that you can also install from a
41 error 404 tarball, folder, http url, or git url.
42 verbose exit [ 1, true ]
